2025-09-14 17:57:26 [restartedMain] INFO  c.l.p.PeopleGraphServiceApplication - Starting PeopleGraphServiceApplication using Java 17.0.16 with PID 76727 (/Users/jair.silva/Documents/IdeaProjects/linkedin/people-graph-service/build/classes/java/main started by jair.silva in /Users/jair.silva/Documents/IdeaProjects/linkedin/people-graph-service)
2025-09-14 17:57:26 [restartedMain] INFO  c.l.p.PeopleGraphServiceApplication - No active profile set, falling back to 1 default profile: "default"
2025-09-14 17:57:26 [restartedMain] INFO  o.s.b.d.e.DevToolsPropertyDefaultsPostProcessor - Devtools property defaults active! Set 'spring.devtools.add-properties' to 'false' to disable
2025-09-14 17:57:26 [restartedMain] INFO  o.s.b.d.e.DevToolsPropertyDefaultsPostProcessor - For additional web related logging consider setting the 'logging.level.web' property to 'DEBUG'
2025-09-14 17:57:26 [restartedMain] DEBUG o.s.d.n.r.config.StartupLogger - Bootstrapping reactive Neo4j repositories based on SDN v7.2.1 with Spring Data Commons v3.2.1 and Neo4j Driver v5.13.0.
2025-09-14 17:57:26 [restartedMain] INFO  o.s.d.r.c.RepositoryConfigurationDelegate - Bootstrapping Spring Data Neo4j repositories in DEFAULT mode.
2025-09-14 17:57:26 [restartedMain] INFO  o.s.d.r.c.RepositoryConfigurationDelegate - Finished Spring Data repository scanning in 49 ms. Found 0 Neo4j repository interfaces.
2025-09-14 17:57:26 [restartedMain] DEBUG o.s.d.n.r.config.StartupLogger - Bootstrapping imperative Neo4j repositories based on SDN v7.2.1 with Spring Data Commons v3.2.1 and Neo4j Driver v5.13.0.
2025-09-14 17:57:26 [restartedMain] INFO  o.s.d.r.c.RepositoryConfigurationDelegate - Bootstrapping Spring Data Neo4j repositories in DEFAULT mode.
2025-09-14 17:57:26 [restartedMain] INFO  o.s.d.r.c.RepositoryConfigurationDelegate - Finished Spring Data repository scanning in 7 ms. Found 3 Neo4j repository interfaces.
2025-09-14 17:57:26 [restartedMain] INFO  o.s.b.w.e.tomcat.TomcatWebServer - Tomcat initialized with port 8081 (http)
2025-09-14 17:57:26 [restartedMain] INFO  o.a.catalina.core.StandardService - Starting service [Tomcat]
2025-09-14 17:57:26 [restartedMain] INFO  o.a.catalina.core.StandardEngine - Starting Servlet engine: [Apache Tomcat/10.1.17]
2025-09-14 17:57:26 [restartedMain] INFO  o.a.c.c.C.[Tomcat].[localhost].[/] - Initializing Spring embedded WebApplicationContext
2025-09-14 17:57:26 [restartedMain] INFO  o.s.b.w.s.c.ServletWebServerApplicationContext - Root WebApplicationContext: initialization completed in 509 ms
2025-09-14 17:57:26 [restartedMain] INFO  o.n.driver.internal.DriverFactory - Direct driver instance 210750920 created for server address localhost:7687
2025-09-14 17:57:26 [restartedMain] WARN  o.s.b.d.a.OptionalLiveReloadServer - Unable to start LiveReload server
2025-09-14 17:57:26 [restartedMain] WARN  o.s.d.n.c.m.Neo4jPersistentEntity - The entity com.linkedin.peoplegraphservice.entity.SkillRelationship is using a Long value for storing internally generated Neo4j ids. The Neo4j internal Long Ids are deprecated, please consider using an external ID generator.
2025-09-14 17:57:26 [restartedMain] WARN  o.s.d.n.c.m.Neo4jPersistentEntity - The entity com.linkedin.peoplegraphservice.entity.WorkExperience is using a Long value for storing internally generated Neo4j ids. The Neo4j internal Long Ids are deprecated, please consider using an external ID generator.
2025-09-14 17:57:26 [restartedMain] WARN  o.s.d.n.c.m.Neo4jPersistentEntity - The entity com.linkedin.peoplegraphservice.entity.Endorsement is using a Long value for storing internally generated Neo4j ids. The Neo4j internal Long Ids are deprecated, please consider using an external ID generator.
2025-09-14 17:57:27 [restartedMain] WARN  o.s.b.a.s.s.UserDetailsServiceAutoConfiguration - 

Using generated security password: d8b8d568-8154-4990-97c7-51678968980a

This generated password is for development use only. Your security configuration must be updated before running your application in production.

2025-09-14 17:57:27 [restartedMain] INFO  o.s.b.a.e.web.EndpointLinksResolver - Exposing 2 endpoint(s) beneath base path '/actuator'
2025-09-14 17:57:27 [restartedMain] INFO  o.s.s.web.DefaultSecurityFilterChain - Will secure any request with [org.springframework.security.web.session.DisableEncodeUrlFilter@6e5d0e87, org.springframework.security.web.context.request.async.WebAsyncManagerIntegrationFilter@5c0cf30a, org.springframework.security.web.context.SecurityContextHolderFilter@19437ba8, org.springframework.security.web.header.HeaderWriterFilter@3f272ab9, org.springframework.web.filter.CorsFilter@65edd593, org.springframework.security.web.authentication.logout.LogoutFilter@67beb861, org.springframework.security.web.savedrequest.RequestCacheAwareFilter@730f582, org.springframework.security.web.servletapi.SecurityContextHolderAwareRequestFilter@767fba31, org.springframework.security.web.authentication.AnonymousAuthenticationFilter@77316c37, org.springframework.security.web.session.SessionManagementFilter@6d665fa2, org.springframework.security.web.access.ExceptionTranslationFilter@1b975960, org.springframework.security.web.access.intercept.AuthorizationFilter@7bb92b45]
2025-09-14 17:57:27 [restartedMain] INFO  o.s.b.w.e.tomcat.TomcatWebServer - Tomcat started on port 8081 (http) with context path ''
2025-09-14 17:57:27 [restartedMain] INFO  c.l.p.PeopleGraphServiceApplication - Started PeopleGraphServiceApplication in 1.055 seconds (process running for 1.197)
2025-09-14 17:58:29 [SpringApplicationShutdownHook] INFO  o.n.driver.internal.InternalDriver - Closing driver instance 210750920
2025-09-14 17:58:32 [restartedMain] INFO  c.l.p.PeopleGraphServiceApplication - Starting PeopleGraphServiceApplication using Java 17.0.16 with PID 77616 (/Users/jair.silva/Documents/IdeaProjects/linkedin/people-graph-service/build/classes/java/main started by jair.silva in /Users/jair.silva/Documents/IdeaProjects/linkedin/people-graph-service)
2025-09-14 17:58:32 [restartedMain] INFO  c.l.p.PeopleGraphServiceApplication - No active profile set, falling back to 1 default profile: "default"
2025-09-14 17:58:32 [restartedMain] INFO  o.s.b.d.e.DevToolsPropertyDefaultsPostProcessor - Devtools property defaults active! Set 'spring.devtools.add-properties' to 'false' to disable
2025-09-14 17:58:32 [restartedMain] INFO  o.s.b.d.e.DevToolsPropertyDefaultsPostProcessor - For additional web related logging consider setting the 'logging.level.web' property to 'DEBUG'
2025-09-14 17:58:32 [restartedMain] DEBUG o.s.d.n.r.config.StartupLogger - Bootstrapping reactive Neo4j repositories based on SDN v7.2.1 with Spring Data Commons v3.2.1 and Neo4j Driver v5.13.0.
2025-09-14 17:58:32 [restartedMain] INFO  o.s.d.r.c.RepositoryConfigurationDelegate - Bootstrapping Spring Data Neo4j repositories in DEFAULT mode.
2025-09-14 17:58:33 [restartedMain] INFO  o.s.d.r.c.RepositoryConfigurationDelegate - Finished Spring Data repository scanning in 42 ms. Found 0 Neo4j repository interfaces.
2025-09-14 17:58:33 [restartedMain] DEBUG o.s.d.n.r.config.StartupLogger - Bootstrapping imperative Neo4j repositories based on SDN v7.2.1 with Spring Data Commons v3.2.1 and Neo4j Driver v5.13.0.
2025-09-14 17:58:33 [restartedMain] INFO  o.s.d.r.c.RepositoryConfigurationDelegate - Bootstrapping Spring Data Neo4j repositories in DEFAULT mode.
2025-09-14 17:58:33 [restartedMain] INFO  o.s.d.r.c.RepositoryConfigurationDelegate - Finished Spring Data repository scanning in 5 ms. Found 3 Neo4j repository interfaces.
2025-09-14 17:58:33 [restartedMain] INFO  o.s.b.w.e.tomcat.TomcatWebServer - Tomcat initialized with port 8081 (http)
2025-09-14 17:58:33 [restartedMain] INFO  o.a.catalina.core.StandardService - Starting service [Tomcat]
2025-09-14 17:58:33 [restartedMain] INFO  o.a.catalina.core.StandardEngine - Starting Servlet engine: [Apache Tomcat/10.1.17]
2025-09-14 17:58:33 [restartedMain] INFO  o.a.c.c.C.[Tomcat].[localhost].[/] - Initializing Spring embedded WebApplicationContext
2025-09-14 17:58:33 [restartedMain] INFO  o.s.b.w.s.c.ServletWebServerApplicationContext - Root WebApplicationContext: initialization completed in 500 ms
2025-09-14 17:58:33 [restartedMain] INFO  o.n.driver.internal.DriverFactory - Direct driver instance 1788748816 created for server address localhost:7687
2025-09-14 17:58:33 [restartedMain] INFO  o.s.b.d.a.OptionalLiveReloadServer - LiveReload server is running on port 35729
2025-09-14 17:58:33 [restartedMain] WARN  o.s.d.n.c.m.Neo4jPersistentEntity - The entity com.linkedin.peoplegraphservice.entity.WorkExperience is using a Long value for storing internally generated Neo4j ids. The Neo4j internal Long Ids are deprecated, please consider using an external ID generator.
2025-09-14 17:58:33 [restartedMain] WARN  o.s.d.n.c.m.Neo4jPersistentEntity - The entity com.linkedin.peoplegraphservice.entity.SkillRelationship is using a Long value for storing internally generated Neo4j ids. The Neo4j internal Long Ids are deprecated, please consider using an external ID generator.
2025-09-14 17:58:33 [restartedMain] WARN  o.s.d.n.c.m.Neo4jPersistentEntity - The entity com.linkedin.peoplegraphservice.entity.Endorsement is using a Long value for storing internally generated Neo4j ids. The Neo4j internal Long Ids are deprecated, please consider using an external ID generator.
2025-09-14 17:58:33 [restartedMain] WARN  o.s.b.a.s.s.UserDetailsServiceAutoConfiguration - 

Using generated security password: a172feba-b339-4204-acea-48ad7924065f

This generated password is for development use only. Your security configuration must be updated before running your application in production.

2025-09-14 17:58:33 [restartedMain] INFO  o.s.b.a.e.web.EndpointLinksResolver - Exposing 2 endpoint(s) beneath base path '/actuator'
2025-09-14 17:58:33 [restartedMain] INFO  o.s.s.web.DefaultSecurityFilterChain - Will secure any request with [org.springframework.security.web.session.DisableEncodeUrlFilter@38bd116f, org.springframework.security.web.context.request.async.WebAsyncManagerIntegrationFilter@21a60c07, org.springframework.security.web.context.SecurityContextHolderFilter@2ff73ee4, org.springframework.security.web.header.HeaderWriterFilter@218890ee, org.springframework.web.filter.CorsFilter@66e5239a, org.springframework.security.web.authentication.logout.LogoutFilter@703c5021, org.springframework.security.web.savedrequest.RequestCacheAwareFilter@56689e93, org.springframework.security.web.servletapi.SecurityContextHolderAwareRequestFilter@1837afd2, org.springframework.security.web.authentication.AnonymousAuthenticationFilter@13f5545d, org.springframework.security.web.session.SessionManagementFilter@8a0afbd, org.springframework.security.web.access.ExceptionTranslationFilter@2cabdeef, org.springframework.security.web.access.intercept.AuthorizationFilter@10012067]
2025-09-14 17:58:33 [restartedMain] INFO  o.s.b.w.e.tomcat.TomcatWebServer - Tomcat started on port 8081 (http) with context path ''
2025-09-14 17:58:33 [restartedMain] INFO  c.l.p.PeopleGraphServiceApplication - Started PeopleGraphServiceApplication in 1.065 seconds (process running for 1.237)
2025-09-14 17:58:38 [SpringApplicationShutdownHook] INFO  o.n.driver.internal.InternalDriver - Closing driver instance 1788748816
2025-09-14 18:00:34 [restartedMain] INFO  c.l.p.PeopleGraphServiceApplication - Starting PeopleGraphServiceApplication using Java 17.0.16 with PID 79451 (/Users/jair.silva/Documents/IdeaProjects/linkedin/people-graph-service/build/classes/java/main started by jair.silva in /Users/jair.silva/Documents/IdeaProjects/linkedin/people-graph-service)
2025-09-14 18:00:34 [restartedMain] INFO  c.l.p.PeopleGraphServiceApplication - No active profile set, falling back to 1 default profile: "default"
2025-09-14 18:00:34 [restartedMain] INFO  o.s.b.d.e.DevToolsPropertyDefaultsPostProcessor - Devtools property defaults active! Set 'spring.devtools.add-properties' to 'false' to disable
2025-09-14 18:00:34 [restartedMain] INFO  o.s.b.d.e.DevToolsPropertyDefaultsPostProcessor - For additional web related logging consider setting the 'logging.level.web' property to 'DEBUG'
2025-09-14 18:00:34 [restartedMain] DEBUG o.s.d.n.r.config.StartupLogger - Bootstrapping reactive Neo4j repositories based on SDN v7.2.1 with Spring Data Commons v3.2.1 and Neo4j Driver v5.13.0.
2025-09-14 18:00:34 [restartedMain] INFO  o.s.d.r.c.RepositoryConfigurationDelegate - Bootstrapping Spring Data Neo4j repositories in DEFAULT mode.
2025-09-14 18:00:34 [restartedMain] INFO  o.s.d.r.c.RepositoryConfigurationDelegate - Finished Spring Data repository scanning in 40 ms. Found 0 Neo4j repository interfaces.
2025-09-14 18:00:34 [restartedMain] DEBUG o.s.d.n.r.config.StartupLogger - Bootstrapping imperative Neo4j repositories based on SDN v7.2.1 with Spring Data Commons v3.2.1 and Neo4j Driver v5.13.0.
2025-09-14 18:00:34 [restartedMain] INFO  o.s.d.r.c.RepositoryConfigurationDelegate - Bootstrapping Spring Data Neo4j repositories in DEFAULT mode.
2025-09-14 18:00:34 [restartedMain] INFO  o.s.d.r.c.RepositoryConfigurationDelegate - Finished Spring Data repository scanning in 6 ms. Found 3 Neo4j repository interfaces.
2025-09-14 18:00:34 [restartedMain] INFO  o.s.b.w.e.tomcat.TomcatWebServer - Tomcat initialized with port 8081 (http)
2025-09-14 18:00:34 [restartedMain] INFO  o.a.catalina.core.StandardService - Starting service [Tomcat]
2025-09-14 18:00:34 [restartedMain] INFO  o.a.catalina.core.StandardEngine - Starting Servlet engine: [Apache Tomcat/10.1.17]
2025-09-14 18:00:34 [restartedMain] INFO  o.a.c.c.C.[Tomcat].[localhost].[/] - Initializing Spring embedded WebApplicationContext
2025-09-14 18:00:34 [restartedMain] INFO  o.s.b.w.s.c.ServletWebServerApplicationContext - Root WebApplicationContext: initialization completed in 496 ms
2025-09-14 18:00:34 [restartedMain] INFO  o.n.driver.internal.DriverFactory - Direct driver instance 275878735 created for server address localhost:7687
2025-09-14 18:00:34 [restartedMain] WARN  o.s.b.d.a.OptionalLiveReloadServer - Unable to start LiveReload server
2025-09-14 18:00:34 [restartedMain] WARN  o.s.d.n.c.m.Neo4jPersistentEntity - The entity com.linkedin.peoplegraphservice.entity.WorkExperience is using a Long value for storing internally generated Neo4j ids. The Neo4j internal Long Ids are deprecated, please consider using an external ID generator.
2025-09-14 18:00:34 [restartedMain] WARN  o.s.d.n.c.m.Neo4jPersistentEntity - The entity com.linkedin.peoplegraphservice.entity.SkillRelationship is using a Long value for storing internally generated Neo4j ids. The Neo4j internal Long Ids are deprecated, please consider using an external ID generator.
2025-09-14 18:00:34 [restartedMain] WARN  o.s.d.n.c.m.Neo4jPersistentEntity - The entity com.linkedin.peoplegraphservice.entity.Endorsement is using a Long value for storing internally generated Neo4j ids. The Neo4j internal Long Ids are deprecated, please consider using an external ID generator.
2025-09-14 18:00:34 [restartedMain] WARN  o.s.b.a.s.s.UserDetailsServiceAutoConfiguration - 

Using generated security password: 196471b8-16bf-47f2-bc0e-dcd0eb18a4c5

This generated password is for development use only. Your security configuration must be updated before running your application in production.

2025-09-14 18:00:35 [restartedMain] INFO  o.s.b.a.e.web.EndpointLinksResolver - Exposing 2 endpoint(s) beneath base path '/actuator'
2025-09-14 18:00:35 [restartedMain] INFO  o.s.s.web.DefaultSecurityFilterChain - Will secure any request with [org.springframework.security.web.session.DisableEncodeUrlFilter@304a5793, org.springframework.security.web.context.request.async.WebAsyncManagerIntegrationFilter@1cd8f87, org.springframework.security.web.context.SecurityContextHolderFilter@124e3f4a, org.springframework.security.web.header.HeaderWriterFilter@6d5c32f1, org.springframework.web.filter.CorsFilter@697c4426, org.springframework.security.web.authentication.logout.LogoutFilter@6d7b5f45, org.springframework.security.web.savedrequest.RequestCacheAwareFilter@2d367b2d, org.springframework.security.web.servletapi.SecurityContextHolderAwareRequestFilter@657c6472, org.springframework.security.web.authentication.AnonymousAuthenticationFilter@48232c1d, org.springframework.security.web.session.SessionManagementFilter@27b051ad, org.springframework.security.web.access.ExceptionTranslationFilter@64aad0b3, org.springframework.security.web.access.intercept.AuthorizationFilter@3fb1d0e5]
2025-09-14 18:00:35 [restartedMain] INFO  o.s.b.w.e.tomcat.TomcatWebServer - Tomcat started on port 8081 (http) with context path ''
2025-09-14 18:00:35 [restartedMain] INFO  c.l.p.PeopleGraphServiceApplication - Started PeopleGraphServiceApplication in 1.032 seconds (process running for 1.164)
2025-09-14 18:00:35 [SpringApplicationShutdownHook] INFO  o.n.driver.internal.InternalDriver - Closing driver instance 275878735
2025-09-14 18:01:16 [restartedMain] INFO  c.l.p.PeopleGraphServiceApplication - Starting PeopleGraphServiceApplication using Java 17.0.16 with PID 80035 (/Users/jair.silva/Documents/IdeaProjects/linkedin/people-graph-service/build/classes/java/main started by jair.silva in /Users/jair.silva/Documents/IdeaProjects/linkedin/people-graph-service)
2025-09-14 18:01:16 [restartedMain] INFO  c.l.p.PeopleGraphServiceApplication - No active profile set, falling back to 1 default profile: "default"
2025-09-14 18:01:16 [restartedMain] INFO  o.s.b.d.e.DevToolsPropertyDefaultsPostProcessor - Devtools property defaults active! Set 'spring.devtools.add-properties' to 'false' to disable
2025-09-14 18:01:16 [restartedMain] INFO  o.s.b.d.e.DevToolsPropertyDefaultsPostProcessor - For additional web related logging consider setting the 'logging.level.web' property to 'DEBUG'
2025-09-14 18:01:16 [restartedMain] DEBUG o.s.d.n.r.config.StartupLogger - Bootstrapping reactive Neo4j repositories based on SDN v7.2.1 with Spring Data Commons v3.2.1 and Neo4j Driver v5.13.0.
2025-09-14 18:01:16 [restartedMain] INFO  o.s.d.r.c.RepositoryConfigurationDelegate - Bootstrapping Spring Data Neo4j repositories in DEFAULT mode.
2025-09-14 18:01:16 [restartedMain] INFO  o.s.d.r.c.RepositoryConfigurationDelegate - Finished Spring Data repository scanning in 42 ms. Found 0 Neo4j repository interfaces.
2025-09-14 18:01:16 [restartedMain] DEBUG o.s.d.n.r.config.StartupLogger - Bootstrapping imperative Neo4j repositories based on SDN v7.2.1 with Spring Data Commons v3.2.1 and Neo4j Driver v5.13.0.
2025-09-14 18:01:16 [restartedMain] INFO  o.s.d.r.c.RepositoryConfigurationDelegate - Bootstrapping Spring Data Neo4j repositories in DEFAULT mode.
2025-09-14 18:01:17 [restartedMain] INFO  o.s.d.r.c.RepositoryConfigurationDelegate - Finished Spring Data repository scanning in 5 ms. Found 3 Neo4j repository interfaces.
2025-09-14 18:01:17 [restartedMain] INFO  o.s.b.w.e.tomcat.TomcatWebServer - Tomcat initialized with port 8081 (http)
2025-09-14 18:01:17 [restartedMain] INFO  o.a.catalina.core.StandardService - Starting service [Tomcat]
2025-09-14 18:01:17 [restartedMain] INFO  o.a.catalina.core.StandardEngine - Starting Servlet engine: [Apache Tomcat/10.1.17]
2025-09-14 18:01:17 [restartedMain] INFO  o.a.c.c.C.[Tomcat].[localhost].[/] - Initializing Spring embedded WebApplicationContext
2025-09-14 18:01:17 [restartedMain] INFO  o.s.b.w.s.c.ServletWebServerApplicationContext - Root WebApplicationContext: initialization completed in 495 ms
2025-09-14 18:01:17 [restartedMain] INFO  o.n.driver.internal.DriverFactory - Direct driver instance 55878138 created for server address localhost:7687
2025-09-14 18:01:17 [restartedMain] WARN  o.s.b.d.a.OptionalLiveReloadServer - Unable to start LiveReload server
2025-09-14 18:01:17 [restartedMain] WARN  o.s.d.n.c.m.Neo4jPersistentEntity - The entity com.linkedin.peoplegraphservice.entity.WorkExperience is using a Long value for storing internally generated Neo4j ids. The Neo4j internal Long Ids are deprecated, please consider using an external ID generator.
2025-09-14 18:01:17 [restartedMain] WARN  o.s.d.n.c.m.Neo4jPersistentEntity - The entity com.linkedin.peoplegraphservice.entity.SkillRelationship is using a Long value for storing internally generated Neo4j ids. The Neo4j internal Long Ids are deprecated, please consider using an external ID generator.
2025-09-14 18:01:17 [restartedMain] WARN  o.s.d.n.c.m.Neo4jPersistentEntity - The entity com.linkedin.peoplegraphservice.entity.Endorsement is using a Long value for storing internally generated Neo4j ids. The Neo4j internal Long Ids are deprecated, please consider using an external ID generator.
2025-09-14 18:01:17 [restartedMain] WARN  o.s.b.a.s.s.UserDetailsServiceAutoConfiguration - 

Using generated security password: 1215bd94-6cf9-4bd2-930b-618100582ccb

This generated password is for development use only. Your security configuration must be updated before running your application in production.

2025-09-14 18:01:17 [restartedMain] INFO  o.s.b.a.e.web.EndpointLinksResolver - Exposing 2 endpoint(s) beneath base path '/actuator'
2025-09-14 18:01:17 [restartedMain] INFO  o.s.s.web.DefaultSecurityFilterChain - Will secure any request with [org.springframework.security.web.session.DisableEncodeUrlFilter@7b890b90, org.springframework.security.web.context.request.async.WebAsyncManagerIntegrationFilter@38fd6cc5, org.springframework.security.web.context.SecurityContextHolderFilter@3d834ac9, org.springframework.security.web.header.HeaderWriterFilter@5cff6d6a, org.springframework.web.filter.CorsFilter@20a50ede, org.springframework.security.web.authentication.logout.LogoutFilter@87d1ce8, org.springframework.security.web.savedrequest.RequestCacheAwareFilter@1000d5b9, org.springframework.security.web.servletapi.SecurityContextHolderAwareRequestFilter@18ad5ef3, org.springframework.security.web.authentication.AnonymousAuthenticationFilter@5fad8d81, org.springframework.security.web.session.SessionManagementFilter@6fe0f5b9, org.springframework.security.web.access.ExceptionTranslationFilter@26a600ec, org.springframework.security.web.access.intercept.AuthorizationFilter@270c877b]
2025-09-14 18:01:17 [restartedMain] INFO  o.s.b.w.e.tomcat.TomcatWebServer - Tomcat started on port 8081 (http) with context path ''
2025-09-14 18:01:17 [restartedMain] INFO  c.l.p.PeopleGraphServiceApplication - Started PeopleGraphServiceApplication in 1.029 seconds (process running for 1.172)
2025-09-14 18:01:25 [SpringApplicationShutdownHook] INFO  o.n.driver.internal.InternalDriver - Closing driver instance 55878138
2025-09-14 18:01:33 [restartedMain] INFO  c.l.p.PeopleGraphServiceApplication - Starting PeopleGraphServiceApplication using Java 17.0.16 with PID 80282 (/Users/jair.silva/Documents/IdeaProjects/linkedin/people-graph-service/build/classes/java/main started by jair.silva in /Users/jair.silva/Documents/IdeaProjects/linkedin/people-graph-service)
2025-09-14 18:01:33 [restartedMain] INFO  c.l.p.PeopleGraphServiceApplication - No active profile set, falling back to 1 default profile: "default"
2025-09-14 18:01:33 [restartedMain] INFO  o.s.b.d.e.DevToolsPropertyDefaultsPostProcessor - Devtools property defaults active! Set 'spring.devtools.add-properties' to 'false' to disable
2025-09-14 18:01:33 [restartedMain] INFO  o.s.b.d.e.DevToolsPropertyDefaultsPostProcessor - For additional web related logging consider setting the 'logging.level.web' property to 'DEBUG'
2025-09-14 18:01:33 [restartedMain] DEBUG o.s.d.n.r.config.StartupLogger - Bootstrapping reactive Neo4j repositories based on SDN v7.2.1 with Spring Data Commons v3.2.1 and Neo4j Driver v5.13.0.
2025-09-14 18:01:33 [restartedMain] INFO  o.s.d.r.c.RepositoryConfigurationDelegate - Bootstrapping Spring Data Neo4j repositories in DEFAULT mode.
2025-09-14 18:01:33 [restartedMain] INFO  o.s.d.r.c.RepositoryConfigurationDelegate - Finished Spring Data repository scanning in 47 ms. Found 0 Neo4j repository interfaces.
2025-09-14 18:01:33 [restartedMain] DEBUG o.s.d.n.r.config.StartupLogger - Bootstrapping imperative Neo4j repositories based on SDN v7.2.1 with Spring Data Commons v3.2.1 and Neo4j Driver v5.13.0.
2025-09-14 18:01:33 [restartedMain] INFO  o.s.d.r.c.RepositoryConfigurationDelegate - Bootstrapping Spring Data Neo4j repositories in DEFAULT mode.
2025-09-14 18:01:33 [restartedMain] INFO  o.s.d.r.c.RepositoryConfigurationDelegate - Finished Spring Data repository scanning in 8 ms. Found 3 Neo4j repository interfaces.
2025-09-14 18:01:34 [restartedMain] INFO  o.s.b.w.e.tomcat.TomcatWebServer - Tomcat initialized with port 8081 (http)
2025-09-14 18:01:34 [restartedMain] INFO  o.a.catalina.core.StandardService - Starting service [Tomcat]
2025-09-14 18:01:34 [restartedMain] INFO  o.a.catalina.core.StandardEngine - Starting Servlet engine: [Apache Tomcat/10.1.17]
2025-09-14 18:01:34 [restartedMain] INFO  o.a.c.c.C.[Tomcat].[localhost].[/] - Initializing Spring embedded WebApplicationContext
2025-09-14 18:01:34 [restartedMain] INFO  o.s.b.w.s.c.ServletWebServerApplicationContext - Root WebApplicationContext: initialization completed in 632 ms
2025-09-14 18:01:34 [restartedMain] INFO  o.n.driver.internal.DriverFactory - Direct driver instance 1078723060 created for server address localhost:7687
2025-09-14 18:01:34 [restartedMain] INFO  o.s.b.d.a.OptionalLiveReloadServer - LiveReload server is running on port 35729
2025-09-14 18:01:34 [restartedMain] WARN  o.s.d.n.c.m.Neo4jPersistentEntity - The entity com.linkedin.peoplegraphservice.entity.SkillRelationship is using a Long value for storing internally generated Neo4j ids. The Neo4j internal Long Ids are deprecated, please consider using an external ID generator.
2025-09-14 18:01:34 [restartedMain] WARN  o.s.d.n.c.m.Neo4jPersistentEntity - The entity com.linkedin.peoplegraphservice.entity.WorkExperience is using a Long value for storing internally generated Neo4j ids. The Neo4j internal Long Ids are deprecated, please consider using an external ID generator.
2025-09-14 18:01:34 [restartedMain] WARN  o.s.d.n.c.m.Neo4jPersistentEntity - The entity com.linkedin.peoplegraphservice.entity.Endorsement is using a Long value for storing internally generated Neo4j ids. The Neo4j internal Long Ids are deprecated, please consider using an external ID generator.
2025-09-14 18:01:34 [restartedMain] WARN  o.s.b.a.s.s.UserDetailsServiceAutoConfiguration - 

Using generated security password: 242e4a8c-2324-4bb6-89ae-5db8af520ee8

This generated password is for development use only. Your security configuration must be updated before running your application in production.

2025-09-14 18:01:34 [restartedMain] INFO  o.s.b.a.e.web.EndpointLinksResolver - Exposing 2 endpoint(s) beneath base path '/actuator'
2025-09-14 18:01:34 [restartedMain] INFO  o.s.s.web.DefaultSecurityFilterChain - Will secure any request with [org.springframework.security.web.session.DisableEncodeUrlFilter@321fe0a1, org.springframework.security.web.context.request.async.WebAsyncManagerIntegrationFilter@1bbe5be3, org.springframework.security.web.context.SecurityContextHolderFilter@317f966d, org.springframework.security.web.header.HeaderWriterFilter@3d428383, org.springframework.web.filter.CorsFilter@12f50f21, org.springframework.security.web.authentication.logout.LogoutFilter@41e99977, org.springframework.security.web.savedrequest.RequestCacheAwareFilter@20dd09d2, org.springframework.security.web.servletapi.SecurityContextHolderAwareRequestFilter@5d734e06, org.springframework.security.web.authentication.AnonymousAuthenticationFilter@7ab9f49f, org.springframework.security.web.session.SessionManagementFilter@3aa3f969, org.springframework.security.web.access.ExceptionTranslationFilter@6b98988a, org.springframework.security.web.access.intercept.AuthorizationFilter@21a10524]
2025-09-14 18:01:34 [restartedMain] INFO  o.s.b.w.e.tomcat.TomcatWebServer - Tomcat started on port 8081 (http) with context path ''
2025-09-14 18:01:34 [restartedMain] INFO  c.l.p.PeopleGraphServiceApplication - Started PeopleGraphServiceApplication in 1.303 seconds (process running for 1.536)
2025-09-14 18:01:45 [SpringApplicationShutdownHook] INFO  o.n.driver.internal.InternalDriver - Closing driver instance 1078723060
2025-09-14 18:02:31 [restartedMain] INFO  c.l.p.PeopleGraphServiceApplication - Starting PeopleGraphServiceApplication using Java 17.0.16 with PID 81191 (/Users/jair.silva/Documents/IdeaProjects/linkedin/people-graph-service/build/classes/java/main started by jair.silva in /Users/jair.silva/Documents/IdeaProjects/linkedin/people-graph-service)
2025-09-14 18:02:31 [restartedMain] INFO  c.l.p.PeopleGraphServiceApplication - No active profile set, falling back to 1 default profile: "default"
2025-09-14 18:02:31 [restartedMain] INFO  o.s.b.d.e.DevToolsPropertyDefaultsPostProcessor - Devtools property defaults active! Set 'spring.devtools.add-properties' to 'false' to disable
2025-09-14 18:02:31 [restartedMain] INFO  o.s.b.d.e.DevToolsPropertyDefaultsPostProcessor - For additional web related logging consider setting the 'logging.level.web' property to 'DEBUG'
2025-09-14 18:02:32 [restartedMain] DEBUG o.s.d.n.r.config.StartupLogger - Bootstrapping reactive Neo4j repositories based on SDN v7.2.1 with Spring Data Commons v3.2.1 and Neo4j Driver v5.13.0.
2025-09-14 18:02:32 [restartedMain] INFO  o.s.d.r.c.RepositoryConfigurationDelegate - Bootstrapping Spring Data Neo4j repositories in DEFAULT mode.
2025-09-14 18:02:32 [restartedMain] INFO  o.s.d.r.c.RepositoryConfigurationDelegate - Finished Spring Data repository scanning in 41 ms. Found 0 Neo4j repository interfaces.
2025-09-14 18:02:32 [restartedMain] DEBUG o.s.d.n.r.config.StartupLogger - Bootstrapping imperative Neo4j repositories based on SDN v7.2.1 with Spring Data Commons v3.2.1 and Neo4j Driver v5.13.0.
2025-09-14 18:02:32 [restartedMain] INFO  o.s.d.r.c.RepositoryConfigurationDelegate - Bootstrapping Spring Data Neo4j repositories in DEFAULT mode.
2025-09-14 18:02:32 [restartedMain] INFO  o.s.d.r.c.RepositoryConfigurationDelegate - Finished Spring Data repository scanning in 7 ms. Found 3 Neo4j repository interfaces.
2025-09-14 18:02:32 [restartedMain] INFO  o.s.b.w.e.tomcat.TomcatWebServer - Tomcat initialized with port 8081 (http)
2025-09-14 18:02:32 [restartedMain] INFO  o.a.catalina.core.StandardService - Starting service [Tomcat]
2025-09-14 18:02:32 [restartedMain] INFO  o.a.catalina.core.StandardEngine - Starting Servlet engine: [Apache Tomcat/10.1.17]
2025-09-14 18:02:32 [restartedMain] INFO  o.a.c.c.C.[Tomcat].[localhost].[/] - Initializing Spring embedded WebApplicationContext
2025-09-14 18:02:32 [restartedMain] INFO  o.s.b.w.s.c.ServletWebServerApplicationContext - Root WebApplicationContext: initialization completed in 494 ms
2025-09-14 18:02:32 [restartedMain] INFO  o.n.driver.internal.DriverFactory - Direct driver instance 1516210970 created for server address localhost:7687
2025-09-14 18:02:32 [restartedMain] WARN  o.s.b.d.a.OptionalLiveReloadServer - Unable to start LiveReload server
2025-09-14 18:02:32 [restartedMain] WARN  o.s.d.n.c.m.Neo4jPersistentEntity - The entity com.linkedin.peoplegraphservice.entity.WorkExperience is using a Long value for storing internally generated Neo4j ids. The Neo4j internal Long Ids are deprecated, please consider using an external ID generator.
2025-09-14 18:02:32 [restartedMain] WARN  o.s.d.n.c.m.Neo4jPersistentEntity - The entity com.linkedin.peoplegraphservice.entity.SkillRelationship is using a Long value for storing internally generated Neo4j ids. The Neo4j internal Long Ids are deprecated, please consider using an external ID generator.
2025-09-14 18:02:32 [restartedMain] WARN  o.s.d.n.c.m.Neo4jPersistentEntity - The entity com.linkedin.peoplegraphservice.entity.Endorsement is using a Long value for storing internally generated Neo4j ids. The Neo4j internal Long Ids are deprecated, please consider using an external ID generator.
2025-09-14 18:02:32 [restartedMain] WARN  o.s.b.a.s.s.UserDetailsServiceAutoConfiguration - 

Using generated security password: 39d07a9e-ee40-4b79-9bd0-c293cb1c5821

This generated password is for development use only. Your security configuration must be updated before running your application in production.

2025-09-14 18:02:32 [restartedMain] INFO  o.s.b.a.e.web.EndpointLinksResolver - Exposing 2 endpoint(s) beneath base path '/actuator'
2025-09-14 18:02:32 [restartedMain] INFO  o.s.s.web.DefaultSecurityFilterChain - Will secure any request with [org.springframework.security.web.session.DisableEncodeUrlFilter@261a9433, org.springframework.security.web.context.request.async.WebAsyncManagerIntegrationFilter@1d337305, org.springframework.security.web.context.SecurityContextHolderFilter@6b67c124, org.springframework.security.web.header.HeaderWriterFilter@4437f740, org.springframework.web.filter.CorsFilter@26077f89, org.springframework.security.web.authentication.logout.LogoutFilter@37b549c4, org.springframework.security.web.savedrequest.RequestCacheAwareFilter@3bdc9296, org.springframework.security.web.servletapi.SecurityContextHolderAwareRequestFilter@7dbdea58, org.springframework.security.web.authentication.AnonymousAuthenticationFilter@3adea6b9, org.springframework.security.web.session.SessionManagementFilter@7a74e6b2, org.springframework.security.web.access.ExceptionTranslationFilter@66f84c46, org.springframework.security.web.access.intercept.AuthorizationFilter@4d9ec194]
2025-09-14 18:02:32 [restartedMain] INFO  o.s.b.w.e.tomcat.TomcatWebServer - Tomcat started on port 8081 (http) with context path ''
2025-09-14 18:02:32 [restartedMain] INFO  c.l.p.PeopleGraphServiceApplication - Started PeopleGraphServiceApplication in 1.053 seconds (process running for 1.194)
2025-09-14 18:05:41 [SpringApplicationShutdownHook] INFO  o.n.driver.internal.InternalDriver - Closing driver instance 1516210970
2025-09-14 18:08:08 [restartedMain] INFO  c.l.p.PeopleGraphServiceApplication - Starting PeopleGraphServiceApplication using Java 17.0.16 with PID 85817 (/Users/jair.silva/Documents/IdeaProjects/linkedin/people-graph-service/build/classes/java/main started by jair.silva in /Users/jair.silva/Documents/IdeaProjects/linkedin/people-graph-service)
2025-09-14 18:08:08 [restartedMain] INFO  c.l.p.PeopleGraphServiceApplication - No active profile set, falling back to 1 default profile: "default"
2025-09-14 18:08:08 [restartedMain] INFO  o.s.b.d.e.DevToolsPropertyDefaultsPostProcessor - Devtools property defaults active! Set 'spring.devtools.add-properties' to 'false' to disable
2025-09-14 18:08:08 [restartedMain] INFO  o.s.b.d.e.DevToolsPropertyDefaultsPostProcessor - For additional web related logging consider setting the 'logging.level.web' property to 'DEBUG'
2025-09-14 18:08:08 [restartedMain] DEBUG o.s.d.n.r.config.StartupLogger - Bootstrapping reactive Neo4j repositories based on SDN v7.2.1 with Spring Data Commons v3.2.1 and Neo4j Driver v5.13.0.
2025-09-14 18:08:08 [restartedMain] INFO  o.s.d.r.c.RepositoryConfigurationDelegate - Bootstrapping Spring Data Neo4j repositories in DEFAULT mode.
2025-09-14 18:08:09 [restartedMain] INFO  o.s.d.r.c.RepositoryConfigurationDelegate - Finished Spring Data repository scanning in 41 ms. Found 0 Neo4j repository interfaces.
2025-09-14 18:08:09 [restartedMain] DEBUG o.s.d.n.r.config.StartupLogger - Bootstrapping imperative Neo4j repositories based on SDN v7.2.1 with Spring Data Commons v3.2.1 and Neo4j Driver v5.13.0.
2025-09-14 18:08:09 [restartedMain] INFO  o.s.d.r.c.RepositoryConfigurationDelegate - Bootstrapping Spring Data Neo4j repositories in DEFAULT mode.
2025-09-14 18:08:09 [restartedMain] INFO  o.s.d.r.c.RepositoryConfigurationDelegate - Finished Spring Data repository scanning in 7 ms. Found 3 Neo4j repository interfaces.
2025-09-14 18:08:09 [restartedMain] INFO  o.s.b.w.e.tomcat.TomcatWebServer - Tomcat initialized with port 8081 (http)
2025-09-14 18:08:09 [restartedMain] INFO  o.a.catalina.core.StandardService - Starting service [Tomcat]
2025-09-14 18:08:09 [restartedMain] INFO  o.a.catalina.core.StandardEngine - Starting Servlet engine: [Apache Tomcat/10.1.17]
2025-09-14 18:08:09 [restartedMain] INFO  o.a.c.c.C.[Tomcat].[localhost].[/] - Initializing Spring embedded WebApplicationContext
2025-09-14 18:08:09 [restartedMain] INFO  o.s.b.w.s.c.ServletWebServerApplicationContext - Root WebApplicationContext: initialization completed in 540 ms
2025-09-14 18:08:09 [restartedMain] INFO  o.n.driver.internal.DriverFactory - Direct driver instance 2022815629 created for server address localhost:7687
2025-09-14 18:08:09 [restartedMain] WARN  o.s.b.d.a.OptionalLiveReloadServer - Unable to start LiveReload server
2025-09-14 18:08:09 [restartedMain] WARN  o.s.d.n.c.m.Neo4jPersistentEntity - The entity com.linkedin.peoplegraphservice.entity.WorkExperience is using a Long value for storing internally generated Neo4j ids. The Neo4j internal Long Ids are deprecated, please consider using an external ID generator.
2025-09-14 18:08:09 [restartedMain] WARN  o.s.d.n.c.m.Neo4jPersistentEntity - The entity com.linkedin.peoplegraphservice.entity.SkillRelationship is using a Long value for storing internally generated Neo4j ids. The Neo4j internal Long Ids are deprecated, please consider using an external ID generator.
2025-09-14 18:08:09 [restartedMain] WARN  o.s.d.n.c.m.Neo4jPersistentEntity - The entity com.linkedin.peoplegraphservice.entity.Endorsement is using a Long value for storing internally generated Neo4j ids. The Neo4j internal Long Ids are deprecated, please consider using an external ID generator.
2025-09-14 18:08:09 [restartedMain] WARN  o.s.b.a.s.s.UserDetailsServiceAutoConfiguration - 

Using generated security password: cf56a1b3-03f6-48b5-8dd8-2915b52d5a4c

This generated password is for development use only. Your security configuration must be updated before running your application in production.

2025-09-14 18:08:09 [restartedMain] INFO  o.s.b.a.e.web.EndpointLinksResolver - Exposing 2 endpoint(s) beneath base path '/actuator'
2025-09-14 18:08:09 [restartedMain] INFO  o.s.s.web.DefaultSecurityFilterChain - Will secure any request with [org.springframework.security.web.session.DisableEncodeUrlFilter@4d6653e6, org.springframework.security.web.context.request.async.WebAsyncManagerIntegrationFilter@4c7fa872, org.springframework.security.web.context.SecurityContextHolderFilter@b54520d, org.springframework.security.web.header.HeaderWriterFilter@6eaa5a98, org.springframework.web.filter.CorsFilter@57125ba0, org.springframework.security.web.authentication.logout.LogoutFilter@62917c58, org.springframework.security.web.savedrequest.RequestCacheAwareFilter@6bcc8e96, org.springframework.security.web.servletapi.SecurityContextHolderAwareRequestFilter@397a0f4c, org.springframework.security.web.authentication.AnonymousAuthenticationFilter@57fdf91, org.springframework.security.web.session.SessionManagementFilter@312a7851, org.springframework.security.web.access.ExceptionTranslationFilter@2811b044, org.springframework.security.web.access.intercept.AuthorizationFilter@564afa52]
2025-09-14 18:08:09 [restartedMain] INFO  o.s.b.w.e.tomcat.TomcatWebServer - Tomcat started on port 8081 (http) with context path ''
2025-09-14 18:08:09 [restartedMain] INFO  c.l.p.PeopleGraphServiceApplication - Started PeopleGraphServiceApplication in 1.19 seconds (process running for 1.329)
2025-09-14 18:11:08 [SpringApplicationShutdownHook] INFO  o.n.driver.internal.InternalDriver - Closing driver instance 2022815629
2025-09-14 18:11:18 [restartedMain] INFO  c.l.p.PeopleGraphServiceApplication - Starting PeopleGraphServiceApplication using Java 17.0.16 with PID 88431 (/Users/jair.silva/Documents/IdeaProjects/linkedin/people-graph-service/build/classes/java/main started by jair.silva in /Users/jair.silva/Documents/IdeaProjects/linkedin/people-graph-service)
2025-09-14 18:11:18 [restartedMain] INFO  c.l.p.PeopleGraphServiceApplication - No active profile set, falling back to 1 default profile: "default"
2025-09-14 18:11:18 [restartedMain] INFO  o.s.b.d.e.DevToolsPropertyDefaultsPostProcessor - Devtools property defaults active! Set 'spring.devtools.add-properties' to 'false' to disable
2025-09-14 18:11:18 [restartedMain] INFO  o.s.b.d.e.DevToolsPropertyDefaultsPostProcessor - For additional web related logging consider setting the 'logging.level.web' property to 'DEBUG'
2025-09-14 18:11:19 [restartedMain] DEBUG o.s.d.n.r.config.StartupLogger - Bootstrapping reactive Neo4j repositories based on SDN v7.2.1 with Spring Data Commons v3.2.1 and Neo4j Driver v5.13.0.
2025-09-14 18:11:19 [restartedMain] INFO  o.s.d.r.c.RepositoryConfigurationDelegate - Bootstrapping Spring Data Neo4j repositories in DEFAULT mode.
2025-09-14 18:11:19 [restartedMain] INFO  o.s.d.r.c.RepositoryConfigurationDelegate - Finished Spring Data repository scanning in 47 ms. Found 0 Neo4j repository interfaces.
2025-09-14 18:11:19 [restartedMain] DEBUG o.s.d.n.r.config.StartupLogger - Bootstrapping imperative Neo4j repositories based on SDN v7.2.1 with Spring Data Commons v3.2.1 and Neo4j Driver v5.13.0.
2025-09-14 18:11:19 [restartedMain] INFO  o.s.d.r.c.RepositoryConfigurationDelegate - Bootstrapping Spring Data Neo4j repositories in DEFAULT mode.
2025-09-14 18:11:19 [restartedMain] INFO  o.s.d.r.c.RepositoryConfigurationDelegate - Finished Spring Data repository scanning in 9 ms. Found 3 Neo4j repository interfaces.
2025-09-14 18:11:19 [restartedMain] INFO  o.s.b.w.e.tomcat.TomcatWebServer - Tomcat initialized with port 8081 (http)
2025-09-14 18:11:19 [restartedMain] INFO  o.a.catalina.core.StandardService - Starting service [Tomcat]
2025-09-14 18:11:19 [restartedMain] INFO  o.a.catalina.core.StandardEngine - Starting Servlet engine: [Apache Tomcat/10.1.17]
2025-09-14 18:11:19 [restartedMain] INFO  o.a.c.c.C.[Tomcat].[localhost].[/] - Initializing Spring embedded WebApplicationContext
2025-09-14 18:11:19 [restartedMain] INFO  o.s.b.w.s.c.ServletWebServerApplicationContext - Root WebApplicationContext: initialization completed in 633 ms
2025-09-14 18:11:19 [restartedMain] INFO  o.n.driver.internal.DriverFactory - Direct driver instance 1866330952 created for server address localhost:7687
2025-09-14 18:11:19 [restartedMain] INFO  o.s.b.d.a.OptionalLiveReloadServer - LiveReload server is running on port 35729
2025-09-14 18:11:19 [restartedMain] WARN  o.s.d.n.c.m.Neo4jPersistentEntity - The entity com.linkedin.peoplegraphservice.entity.SkillRelationship is using a Long value for storing internally generated Neo4j ids. The Neo4j internal Long Ids are deprecated, please consider using an external ID generator.
2025-09-14 18:11:19 [restartedMain] WARN  o.s.d.n.c.m.Neo4jPersistentEntity - The entity com.linkedin.peoplegraphservice.entity.WorkExperience is using a Long value for storing internally generated Neo4j ids. The Neo4j internal Long Ids are deprecated, please consider using an external ID generator.
2025-09-14 18:11:19 [restartedMain] WARN  o.s.d.n.c.m.Neo4jPersistentEntity - The entity com.linkedin.peoplegraphservice.entity.Endorsement is using a Long value for storing internally generated Neo4j ids. The Neo4j internal Long Ids are deprecated, please consider using an external ID generator.
2025-09-14 18:11:19 [restartedMain] WARN  o.s.b.a.s.s.UserDetailsServiceAutoConfiguration - 

Using generated security password: 477fcc5c-ed6c-4ca6-87c6-47bf823cc42d

This generated password is for development use only. Your security configuration must be updated before running your application in production.

2025-09-14 18:11:19 [restartedMain] INFO  o.s.b.a.e.web.EndpointLinksResolver - Exposing 2 endpoint(s) beneath base path '/actuator'
2025-09-14 18:11:19 [restartedMain] INFO  o.s.s.web.DefaultSecurityFilterChain - Will secure any request with [org.springframework.security.web.session.DisableEncodeUrlFilter@6ba3bfd0, org.springframework.security.web.context.request.async.WebAsyncManagerIntegrationFilter@70aaa25f, org.springframework.security.web.context.SecurityContextHolderFilter@48d64b39, org.springframework.security.web.header.HeaderWriterFilter@7a93d8e1, org.springframework.web.filter.CorsFilter@635c1c83, org.springframework.security.web.authentication.logout.LogoutFilter@1518bb4c, org.springframework.security.web.savedrequest.RequestCacheAwareFilter@35a69d5c, org.springframework.security.web.servletapi.SecurityContextHolderAwareRequestFilter@1149e19c, org.springframework.security.web.authentication.AnonymousAuthenticationFilter@7e5e76e2, org.springframework.security.web.session.SessionManagementFilter@4d7bf446, org.springframework.security.web.access.ExceptionTranslationFilter@76472e5d, org.springframework.security.web.access.intercept.AuthorizationFilter@31c55ae9]
2025-09-14 18:11:19 [restartedMain] INFO  o.s.b.w.e.tomcat.TomcatWebServer - Tomcat started on port 8081 (http) with context path ''
2025-09-14 18:11:19 [restartedMain] INFO  c.l.p.PeopleGraphServiceApplication - Started PeopleGraphServiceApplication in 1.407 seconds (process running for 1.58)
2025-09-14 18:17:59 [restartedMain] INFO  c.l.p.PeopleGraphServiceApplication - Starting PeopleGraphServiceApplication using Java 17.0.16 with PID 94199 (/Users/jair.silva/Documents/IdeaProjects/linkedin/people-graph-service/build/classes/java/main started by jair.silva in /Users/jair.silva/Documents/IdeaProjects/linkedin/people-graph-service)
2025-09-14 18:17:59 [restartedMain] INFO  c.l.p.PeopleGraphServiceApplication - No active profile set, falling back to 1 default profile: "default"
2025-09-14 18:17:59 [restartedMain] INFO  o.s.b.d.e.DevToolsPropertyDefaultsPostProcessor - Devtools property defaults active! Set 'spring.devtools.add-properties' to 'false' to disable
2025-09-14 18:17:59 [restartedMain] INFO  o.s.b.d.e.DevToolsPropertyDefaultsPostProcessor - For additional web related logging consider setting the 'logging.level.web' property to 'DEBUG'
2025-09-14 18:18:00 [restartedMain] DEBUG o.s.d.n.r.config.StartupLogger - Bootstrapping reactive Neo4j repositories based on SDN v7.2.1 with Spring Data Commons v3.2.1 and Neo4j Driver v5.13.0.
2025-09-14 18:18:00 [restartedMain] INFO  o.s.d.r.c.RepositoryConfigurationDelegate - Bootstrapping Spring Data Neo4j repositories in DEFAULT mode.
2025-09-14 18:18:00 [restartedMain] INFO  o.s.d.r.c.RepositoryConfigurationDelegate - Finished Spring Data repository scanning in 54 ms. Found 0 Neo4j repository interfaces.
2025-09-14 18:18:00 [restartedMain] DEBUG o.s.d.n.r.config.StartupLogger - Bootstrapping imperative Neo4j repositories based on SDN v7.2.1 with Spring Data Commons v3.2.1 and Neo4j Driver v5.13.0.
2025-09-14 18:18:00 [restartedMain] INFO  o.s.d.r.c.RepositoryConfigurationDelegate - Bootstrapping Spring Data Neo4j repositories in DEFAULT mode.
2025-09-14 18:18:00 [restartedMain] INFO  o.s.d.r.c.RepositoryConfigurationDelegate - Finished Spring Data repository scanning in 8 ms. Found 3 Neo4j repository interfaces.
2025-09-14 18:18:00 [restartedMain] INFO  o.s.b.w.e.tomcat.TomcatWebServer - Tomcat initialized with port 8081 (http)
2025-09-14 18:18:00 [restartedMain] INFO  o.a.catalina.core.StandardService - Starting service [Tomcat]
2025-09-14 18:18:00 [restartedMain] INFO  o.a.catalina.core.StandardEngine - Starting Servlet engine: [Apache Tomcat/10.1.17]
2025-09-14 18:18:00 [restartedMain] INFO  o.a.c.c.C.[Tomcat].[localhost].[/] - Initializing Spring embedded WebApplicationContext
2025-09-14 18:18:00 [restartedMain] INFO  o.s.b.w.s.c.ServletWebServerApplicationContext - Root WebApplicationContext: initialization completed in 785 ms
2025-09-14 18:18:00 [restartedMain] INFO  o.n.driver.internal.DriverFactory - Direct driver instance 1891408736 created for server address localhost:7687
2025-09-14 18:18:00 [restartedMain] INFO  o.s.b.d.a.OptionalLiveReloadServer - LiveReload server is running on port 35729
2025-09-14 18:18:00 [restartedMain] WARN  o.s.d.n.c.m.Neo4jPersistentEntity - The entity com.linkedin.peoplegraphservice.entity.WorkExperience is using a Long value for storing internally generated Neo4j ids. The Neo4j internal Long Ids are deprecated, please consider using an external ID generator.
2025-09-14 18:18:00 [restartedMain] WARN  o.s.d.n.c.m.Neo4jPersistentEntity - The entity com.linkedin.peoplegraphservice.entity.SkillRelationship is using a Long value for storing internally generated Neo4j ids. The Neo4j internal Long Ids are deprecated, please consider using an external ID generator.
2025-09-14 18:18:00 [restartedMain] WARN  o.s.d.n.c.m.Neo4jPersistentEntity - The entity com.linkedin.peoplegraphservice.entity.Endorsement is using a Long value for storing internally generated Neo4j ids. The Neo4j internal Long Ids are deprecated, please consider using an external ID generator.
2025-09-14 18:18:00 [restartedMain] WARN  o.s.b.a.s.s.UserDetailsServiceAutoConfiguration - 

Using generated security password: ec691892-4fd5-4a85-bdef-ed753da164b3

This generated password is for development use only. Your security configuration must be updated before running your application in production.

2025-09-14 18:18:01 [restartedMain] INFO  o.s.b.a.e.web.EndpointLinksResolver - Exposing 2 endpoint(s) beneath base path '/actuator'
2025-09-14 18:18:01 [restartedMain] INFO  o.s.s.web.DefaultSecurityFilterChain - Will secure any request with [org.springframework.security.web.session.DisableEncodeUrlFilter@24553d3e, org.springframework.security.web.context.request.async.WebAsyncManagerIntegrationFilter@29c3c2e4, org.springframework.security.web.context.SecurityContextHolderFilter@730d239d, org.springframework.security.web.header.HeaderWriterFilter@6bbb3fe1, org.springframework.web.filter.CorsFilter@41036593, org.springframework.security.web.authentication.logout.LogoutFilter@19f96fab, org.springframework.security.web.savedrequest.RequestCacheAwareFilter@563f542d, org.springframework.security.web.servletapi.SecurityContextHolderAwareRequestFilter@6a440d2b, org.springframework.security.web.authentication.AnonymousAuthenticationFilter@343a84a8, org.springframework.security.web.session.SessionManagementFilter@1fac44fc, org.springframework.security.web.access.ExceptionTranslationFilter@636f0cce, org.springframework.security.web.access.intercept.AuthorizationFilter@7e1e60b0]
2025-09-14 18:18:01 [restartedMain] INFO  o.s.b.w.e.tomcat.TomcatWebServer - Tomcat started on port 8081 (http) with context path ''
2025-09-14 18:18:01 [restartedMain] INFO  c.l.p.PeopleGraphServiceApplication - Started PeopleGraphServiceApplication in 1.658 seconds (process running for 1.989)
2025-09-14 18:19:34 [restartedMain] INFO  c.l.p.PeopleGraphServiceApplication - Starting PeopleGraphServiceApplication using Java 17.0.16 with PID 95733 (/Users/jair.silva/Documents/IdeaProjects/linkedin/people-graph-service/build/classes/java/main started by jair.silva in /Users/jair.silva/Documents/IdeaProjects/linkedin/people-graph-service)
2025-09-14 18:19:34 [restartedMain] INFO  c.l.p.PeopleGraphServiceApplication - No active profile set, falling back to 1 default profile: "default"
2025-09-14 18:19:34 [restartedMain] INFO  o.s.b.d.e.DevToolsPropertyDefaultsPostProcessor - Devtools property defaults active! Set 'spring.devtools.add-properties' to 'false' to disable
2025-09-14 18:19:34 [restartedMain] INFO  o.s.b.d.e.DevToolsPropertyDefaultsPostProcessor - For additional web related logging consider setting the 'logging.level.web' property to 'DEBUG'
2025-09-14 18:19:34 [restartedMain] DEBUG o.s.d.n.r.config.StartupLogger - Bootstrapping reactive Neo4j repositories based on SDN v7.2.1 with Spring Data Commons v3.2.1 and Neo4j Driver v5.13.0.
2025-09-14 18:19:34 [restartedMain] INFO  o.s.d.r.c.RepositoryConfigurationDelegate - Bootstrapping Spring Data Neo4j repositories in DEFAULT mode.
2025-09-14 18:19:34 [restartedMain] INFO  o.s.d.r.c.RepositoryConfigurationDelegate - Finished Spring Data repository scanning in 141 ms. Found 0 Neo4j repository interfaces.
2025-09-14 18:19:34 [restartedMain] DEBUG o.s.d.n.r.config.StartupLogger - Bootstrapping imperative Neo4j repositories based on SDN v7.2.1 with Spring Data Commons v3.2.1 and Neo4j Driver v5.13.0.
2025-09-14 18:19:34 [restartedMain] INFO  o.s.d.r.c.RepositoryConfigurationDelegate - Bootstrapping Spring Data Neo4j repositories in DEFAULT mode.
2025-09-14 18:19:35 [restartedMain] INFO  o.s.d.r.c.RepositoryConfigurationDelegate - Finished Spring Data repository scanning in 115 ms. Found 3 Neo4j repository interfaces.
2025-09-14 18:19:35 [restartedMain] INFO  o.s.b.w.e.tomcat.TomcatWebServer - Tomcat initialized with port 8081 (http)
2025-09-14 18:19:35 [restartedMain] INFO  o.a.catalina.core.StandardService - Starting service [Tomcat]
2025-09-14 18:19:35 [restartedMain] INFO  o.a.catalina.core.StandardEngine - Starting Servlet engine: [Apache Tomcat/10.1.17]
2025-09-14 18:19:35 [restartedMain] INFO  o.a.c.c.C.[Tomcat].[localhost].[/] - Initializing Spring embedded WebApplicationContext
2025-09-14 18:19:35 [restartedMain] INFO  o.s.b.w.s.c.ServletWebServerApplicationContext - Root WebApplicationContext: initialization completed in 1221 ms
2025-09-14 18:19:35 [restartedMain] INFO  o.n.driver.internal.DriverFactory - Direct driver instance 514915502 created for server address localhost:7687
2025-09-14 18:19:35 [restartedMain] INFO  o.s.b.d.a.OptionalLiveReloadServer - LiveReload server is running on port 35729
2025-09-14 18:19:35 [restartedMain] WARN  o.s.d.n.c.m.Neo4jPersistentEntity - The entity com.linkedin.peoplegraphservice.entity.SkillRelationship is using a Long value for storing internally generated Neo4j ids. The Neo4j internal Long Ids are deprecated, please consider using an external ID generator.
2025-09-14 18:19:35 [restartedMain] WARN  o.s.d.n.c.m.Neo4jPersistentEntity - The entity com.linkedin.peoplegraphservice.entity.WorkExperience is using a Long value for storing internally generated Neo4j ids. The Neo4j internal Long Ids are deprecated, please consider using an external ID generator.
2025-09-14 18:19:35 [restartedMain] WARN  o.s.d.n.c.m.Neo4jPersistentEntity - The entity com.linkedin.peoplegraphservice.entity.Endorsement is using a Long value for storing internally generated Neo4j ids. The Neo4j internal Long Ids are deprecated, please consider using an external ID generator.
2025-09-14 18:19:35 [restartedMain] WARN  o.s.b.a.s.s.UserDetailsServiceAutoConfiguration - 

Using generated security password: d8862dd7-c69f-4f7b-bf00-23175f50d34e

This generated password is for development use only. Your security configuration must be updated before running your application in production.

2025-09-14 18:19:35 [restartedMain] INFO  o.s.b.a.e.web.EndpointLinksResolver - Exposing 2 endpoint(s) beneath base path '/actuator'
2025-09-14 18:19:36 [restartedMain] INFO  o.s.s.web.DefaultSecurityFilterChain - Will secure any request with [org.springframework.security.web.session.DisableEncodeUrlFilter@1e30667b, org.springframework.security.web.context.request.async.WebAsyncManagerIntegrationFilter@5d652af8, org.springframework.security.web.context.SecurityContextHolderFilter@2cde4e50, org.springframework.security.web.header.HeaderWriterFilter@1a9c5820, org.springframework.web.filter.CorsFilter@2fcbf8ea, org.springframework.security.web.authentication.logout.LogoutFilter@762ddf89, org.springframework.security.web.savedrequest.RequestCacheAwareFilter@5067e9ff, org.springframework.security.web.servletapi.SecurityContextHolderAwareRequestFilter@c14c567, org.springframework.security.web.authentication.AnonymousAuthenticationFilter@53d4a264, org.springframework.security.web.session.SessionManagementFilter@76744bda, org.springframework.security.web.access.ExceptionTranslationFilter@755675c1, org.springframework.security.web.access.intercept.AuthorizationFilter@36deb91c]
2025-09-14 18:19:36 [restartedMain] INFO  o.s.b.w.e.tomcat.TomcatWebServer - Tomcat started on port 8081 (http) with context path ''
2025-09-14 18:19:36 [restartedMain] INFO  c.l.p.PeopleGraphServiceApplication - Started PeopleGraphServiceApplication in 2.311 seconds (process running for 2.726)
2025-09-14 18:20:21 [restartedMain] INFO  c.l.p.PeopleGraphServiceApplication - Starting PeopleGraphServiceApplication using Java 17.0.16 with PID 96798 (/Users/jair.silva/Documents/IdeaProjects/linkedin/people-graph-service/build/classes/java/main started by jair.silva in /Users/jair.silva/Documents/IdeaProjects/linkedin/people-graph-service)
2025-09-14 18:20:21 [restartedMain] INFO  c.l.p.PeopleGraphServiceApplication - No active profile set, falling back to 1 default profile: "default"
2025-09-14 18:20:21 [restartedMain] INFO  o.s.b.d.e.DevToolsPropertyDefaultsPostProcessor - Devtools property defaults active! Set 'spring.devtools.add-properties' to 'false' to disable
2025-09-14 18:20:21 [restartedMain] INFO  o.s.b.d.e.DevToolsPropertyDefaultsPostProcessor - For additional web related logging consider setting the 'logging.level.web' property to 'DEBUG'
2025-09-14 18:20:21 [restartedMain] DEBUG o.s.d.n.r.config.StartupLogger - Bootstrapping reactive Neo4j repositories based on SDN v7.2.1 with Spring Data Commons v3.2.1 and Neo4j Driver v5.13.0.
2025-09-14 18:20:21 [restartedMain] INFO  o.s.d.r.c.RepositoryConfigurationDelegate - Bootstrapping Spring Data Neo4j repositories in DEFAULT mode.
2025-09-14 18:20:21 [restartedMain] INFO  o.s.d.r.c.RepositoryConfigurationDelegate - Finished Spring Data repository scanning in 57 ms. Found 0 Neo4j repository interfaces.
2025-09-14 18:20:21 [restartedMain] DEBUG o.s.d.n.r.config.StartupLogger - Bootstrapping imperative Neo4j repositories based on SDN v7.2.1 with Spring Data Commons v3.2.1 and Neo4j Driver v5.13.0.
2025-09-14 18:20:21 [restartedMain] INFO  o.s.d.r.c.RepositoryConfigurationDelegate - Bootstrapping Spring Data Neo4j repositories in DEFAULT mode.
2025-09-14 18:20:21 [restartedMain] INFO  o.s.d.r.c.RepositoryConfigurationDelegate - Finished Spring Data repository scanning in 9 ms. Found 3 Neo4j repository interfaces.
2025-09-14 18:20:22 [restartedMain] INFO  o.s.b.w.e.tomcat.TomcatWebServer - Tomcat initialized with port 8081 (http)
2025-09-14 18:20:22 [restartedMain] INFO  o.a.catalina.core.StandardService - Starting service [Tomcat]
2025-09-14 18:20:22 [restartedMain] INFO  o.a.catalina.core.StandardEngine - Starting Servlet engine: [Apache Tomcat/10.1.17]
2025-09-14 18:20:22 [restartedMain] INFO  o.a.c.c.C.[Tomcat].[localhost].[/] - Initializing Spring embedded WebApplicationContext
2025-09-14 18:20:22 [restartedMain] INFO  o.s.b.w.s.c.ServletWebServerApplicationContext - Root WebApplicationContext: initialization completed in 917 ms
2025-09-14 18:20:22 [restartedMain] INFO  o.n.driver.internal.DriverFactory - Direct driver instance 1108931781 created for server address localhost:7687
2025-09-14 18:20:22 [restartedMain] INFO  o.s.b.d.a.OptionalLiveReloadServer - LiveReload server is running on port 35729
2025-09-14 18:20:22 [restartedMain] WARN  o.s.d.n.c.m.Neo4jPersistentEntity - The entity com.linkedin.peoplegraphservice.entity.SkillRelationship is using a Long value for storing internally generated Neo4j ids. The Neo4j internal Long Ids are deprecated, please consider using an external ID generator.
2025-09-14 18:20:22 [restartedMain] WARN  o.s.d.n.c.m.Neo4jPersistentEntity - The entity com.linkedin.peoplegraphservice.entity.WorkExperience is using a Long value for storing internally generated Neo4j ids. The Neo4j internal Long Ids are deprecated, please consider using an external ID generator.
2025-09-14 18:20:22 [restartedMain] WARN  o.s.d.n.c.m.Neo4jPersistentEntity - The entity com.linkedin.peoplegraphservice.entity.Endorsement is using a Long value for storing internally generated Neo4j ids. The Neo4j internal Long Ids are deprecated, please consider using an external ID generator.
2025-09-14 18:20:22 [restartedMain] WARN  o.s.b.a.s.s.UserDetailsServiceAutoConfiguration - 

Using generated security password: 68ef94ae-aaf6-4621-b979-131b593726d1

This generated password is for development use only. Your security configuration must be updated before running your application in production.

2025-09-14 18:20:22 [restartedMain] INFO  o.s.b.a.e.web.EndpointLinksResolver - Exposing 2 endpoint(s) beneath base path '/actuator'
2025-09-14 18:20:22 [restartedMain] INFO  o.s.s.web.DefaultSecurityFilterChain - Will secure any request with [org.springframework.security.web.session.DisableEncodeUrlFilter@330afaab, org.springframework.security.web.context.request.async.WebAsyncManagerIntegrationFilter@21eb91bb, org.springframework.security.web.context.SecurityContextHolderFilter@1ba36fe6, org.springframework.security.web.header.HeaderWriterFilter@755afd18, org.springframework.web.filter.CorsFilter@4f8e7b6b, org.springframework.security.web.authentication.logout.LogoutFilter@edbfc25, org.springframework.security.web.savedrequest.RequestCacheAwareFilter@57931da7, org.springframework.security.web.servletapi.SecurityContextHolderAwareRequestFilter@caa3233, org.springframework.security.web.authentication.AnonymousAuthenticationFilter@1c041718, org.springframework.security.web.session.SessionManagementFilter@67df7b2a, org.springframework.security.web.access.ExceptionTranslationFilter@5ba17aa7, org.springframework.security.web.access.intercept.AuthorizationFilter@35c4e6ef]
2025-09-14 18:20:22 [restartedMain] INFO  o.s.b.w.e.tomcat.TomcatWebServer - Tomcat started on port 8081 (http) with context path ''
2025-09-14 18:20:22 [restartedMain] INFO  c.l.p.PeopleGraphServiceApplication - Started PeopleGraphServiceApplication in 1.81 seconds (process running for 2.066)
2025-09-14 18:20:23 [http-nio-8081-exec-2] INFO  o.a.c.c.C.[Tomcat].[localhost].[/] - Initializing Spring DispatcherServlet 'dispatcherServlet'
2025-09-14 18:20:23 [http-nio-8081-exec-2] INFO  o.s.web.servlet.DispatcherServlet - Initializing Servlet 'dispatcherServlet'
2025-09-14 18:20:23 [http-nio-8081-exec-2] INFO  o.s.web.servlet.DispatcherServlet - Completed initialization in 1 ms
2025-09-14 18:22:35 [restartedMain] INFO  c.l.p.PeopleGraphServiceApplication - Starting PeopleGraphServiceApplication using Java 17.0.16 with PID 98819 (/Users/jair.silva/Documents/IdeaProjects/linkedin/people-graph-service/build/classes/java/main started by jair.silva in /Users/jair.silva/Documents/IdeaProjects/linkedin/people-graph-service)
2025-09-14 18:22:35 [restartedMain] INFO  c.l.p.PeopleGraphServiceApplication - No active profile set, falling back to 1 default profile: "default"
2025-09-14 18:22:35 [restartedMain] INFO  o.s.b.d.e.DevToolsPropertyDefaultsPostProcessor - Devtools property defaults active! Set 'spring.devtools.add-properties' to 'false' to disable
2025-09-14 18:22:35 [restartedMain] INFO  o.s.b.d.e.DevToolsPropertyDefaultsPostProcessor - For additional web related logging consider setting the 'logging.level.web' property to 'DEBUG'
2025-09-14 18:22:36 [restartedMain] DEBUG o.s.d.n.r.config.StartupLogger - Bootstrapping reactive Neo4j repositories based on SDN v7.2.1 with Spring Data Commons v3.2.1 and Neo4j Driver v5.13.0.
2025-09-14 18:22:36 [restartedMain] INFO  o.s.d.r.c.RepositoryConfigurationDelegate - Bootstrapping Spring Data Neo4j repositories in DEFAULT mode.
2025-09-14 18:22:36 [restartedMain] INFO  o.s.d.r.c.RepositoryConfigurationDelegate - Finished Spring Data repository scanning in 53 ms. Found 0 Neo4j repository interfaces.
2025-09-14 18:22:36 [restartedMain] DEBUG o.s.d.n.r.config.StartupLogger - Bootstrapping imperative Neo4j repositories based on SDN v7.2.1 with Spring Data Commons v3.2.1 and Neo4j Driver v5.13.0.
2025-09-14 18:22:36 [restartedMain] INFO  o.s.d.r.c.RepositoryConfigurationDelegate - Bootstrapping Spring Data Neo4j repositories in DEFAULT mode.
2025-09-14 18:22:36 [restartedMain] INFO  o.s.d.r.c.RepositoryConfigurationDelegate - Finished Spring Data repository scanning in 8 ms. Found 3 Neo4j repository interfaces.
2025-09-14 18:22:36 [restartedMain] INFO  o.s.b.w.e.tomcat.TomcatWebServer - Tomcat initialized with port 8081 (http)
2025-09-14 18:22:36 [restartedMain] INFO  o.a.catalina.core.StandardService - Starting service [Tomcat]
2025-09-14 18:22:36 [restartedMain] INFO  o.a.catalina.core.StandardEngine - Starting Servlet engine: [Apache Tomcat/10.1.17]
2025-09-14 18:22:36 [restartedMain] INFO  o.a.c.c.C.[Tomcat].[localhost].[/] - Initializing Spring embedded WebApplicationContext
2025-09-14 18:22:36 [restartedMain] INFO  o.s.b.w.s.c.ServletWebServerApplicationContext - Root WebApplicationContext: initialization completed in 853 ms
2025-09-14 18:22:36 [restartedMain] INFO  o.n.driver.internal.DriverFactory - Direct driver instance 1060554931 created for server address localhost:7687
2025-09-14 18:22:36 [restartedMain] INFO  o.s.b.d.a.OptionalLiveReloadServer - LiveReload server is running on port 35729
2025-09-14 18:22:36 [restartedMain] WARN  o.s.d.n.c.m.Neo4jPersistentEntity - The entity com.linkedin.peoplegraphservice.entity.SkillRelationship is using a Long value for storing internally generated Neo4j ids. The Neo4j internal Long Ids are deprecated, please consider using an external ID generator.
2025-09-14 18:22:36 [restartedMain] WARN  o.s.d.n.c.m.Neo4jPersistentEntity - The entity com.linkedin.peoplegraphservice.entity.WorkExperience is using a Long value for storing internally generated Neo4j ids. The Neo4j internal Long Ids are deprecated, please consider using an external ID generator.
2025-09-14 18:22:36 [restartedMain] WARN  o.s.d.n.c.m.Neo4jPersistentEntity - The entity com.linkedin.peoplegraphservice.entity.Endorsement is using a Long value for storing internally generated Neo4j ids. The Neo4j internal Long Ids are deprecated, please consider using an external ID generator.
2025-09-14 18:22:37 [restartedMain] WARN  o.s.b.a.s.s.UserDetailsServiceAutoConfiguration - 

Using generated security password: 8f5f4b7c-297e-475f-a0fa-c32671de2932

This generated password is for development use only. Your security configuration must be updated before running your application in production.

2025-09-14 18:22:37 [restartedMain] INFO  o.s.b.a.e.web.EndpointLinksResolver - Exposing 2 endpoint(s) beneath base path '/actuator'
2025-09-14 18:22:37 [restartedMain] INFO  o.s.s.web.DefaultSecurityFilterChain - Will secure any request with [org.springframework.security.web.session.DisableEncodeUrlFilter@3719e93b, org.springframework.security.web.context.request.async.WebAsyncManagerIntegrationFilter@3335f620, org.springframework.security.web.context.SecurityContextHolderFilter@7221c60b, org.springframework.security.web.header.HeaderWriterFilter@1d544319, org.springframework.web.filter.CorsFilter@580da1bb, org.springframework.security.web.authentication.logout.LogoutFilter@6fcfa3, org.springframework.security.web.savedrequest.RequestCacheAwareFilter@5dd85b27, org.springframework.security.web.servletapi.SecurityContextHolderAwareRequestFilter@1a18cfe1, org.springframework.security.web.authentication.AnonymousAuthenticationFilter@620b6b5b, org.springframework.security.web.session.SessionManagementFilter@5f133894, org.springframework.security.web.access.ExceptionTranslationFilter@e89913d, org.springframework.security.web.access.intercept.AuthorizationFilter@3366e9d9]
2025-09-14 18:22:37 [restartedMain] INFO  o.s.b.w.e.tomcat.TomcatWebServer - Tomcat started on port 8081 (http) with context path ''
2025-09-14 18:22:37 [restartedMain] INFO  c.l.p.PeopleGraphServiceApplication - Started PeopleGraphServiceApplication in 1.991 seconds (process running for 2.454)
2025-09-14 18:25:05 [restartedMain] INFO  c.l.p.PeopleGraphServiceApplication - Starting PeopleGraphServiceApplication using Java 17.0.16 with PID 1273 (/Users/jair.silva/Documents/IdeaProjects/linkedin/people-graph-service/build/classes/java/main started by jair.silva in /Users/jair.silva/Documents/IdeaProjects/linkedin/people-graph-service)
2025-09-14 18:25:05 [restartedMain] INFO  c.l.p.PeopleGraphServiceApplication - No active profile set, falling back to 1 default profile: "default"
2025-09-14 18:25:05 [restartedMain] INFO  o.s.b.d.e.DevToolsPropertyDefaultsPostProcessor - Devtools property defaults active! Set 'spring.devtools.add-properties' to 'false' to disable
2025-09-14 18:25:05 [restartedMain] INFO  o.s.b.d.e.DevToolsPropertyDefaultsPostProcessor - For additional web related logging consider setting the 'logging.level.web' property to 'DEBUG'
2025-09-14 18:25:05 [restartedMain] DEBUG o.s.d.n.r.config.StartupLogger - Bootstrapping reactive Neo4j repositories based on SDN v7.2.1 with Spring Data Commons v3.2.1 and Neo4j Driver v5.13.0.
2025-09-14 18:25:05 [restartedMain] INFO  o.s.d.r.c.RepositoryConfigurationDelegate - Bootstrapping Spring Data Neo4j repositories in DEFAULT mode.
2025-09-14 18:25:05 [restartedMain] INFO  o.s.d.r.c.RepositoryConfigurationDelegate - Finished Spring Data repository scanning in 51 ms. Found 0 Neo4j repository interfaces.
2025-09-14 18:25:05 [restartedMain] DEBUG o.s.d.n.r.config.StartupLogger - Bootstrapping imperative Neo4j repositories based on SDN v7.2.1 with Spring Data Commons v3.2.1 and Neo4j Driver v5.13.0.
2025-09-14 18:25:05 [restartedMain] INFO  o.s.d.r.c.RepositoryConfigurationDelegate - Bootstrapping Spring Data Neo4j repositories in DEFAULT mode.
2025-09-14 18:25:05 [restartedMain] INFO  o.s.d.r.c.RepositoryConfigurationDelegate - Finished Spring Data repository scanning in 9 ms. Found 3 Neo4j repository interfaces.
2025-09-14 18:25:05 [restartedMain] INFO  o.s.b.w.e.tomcat.TomcatWebServer - Tomcat initialized with port 8081 (http)
2025-09-14 18:25:05 [restartedMain] INFO  o.a.catalina.core.StandardService - Starting service [Tomcat]
2025-09-14 18:25:05 [restartedMain] INFO  o.a.catalina.core.StandardEngine - Starting Servlet engine: [Apache Tomcat/10.1.17]
2025-09-14 18:25:05 [restartedMain] INFO  o.a.c.c.C.[Tomcat].[localhost].[/] - Initializing Spring embedded WebApplicationContext
2025-09-14 18:25:05 [restartedMain] INFO  o.s.b.w.s.c.ServletWebServerApplicationContext - Root WebApplicationContext: initialization completed in 639 ms
2025-09-14 18:25:05 [restartedMain] INFO  o.n.driver.internal.DriverFactory - Direct driver instance 453539416 created for server address localhost:7687
2025-09-14 18:25:05 [restartedMain] INFO  o.s.b.d.a.OptionalLiveReloadServer - LiveReload server is running on port 35729
2025-09-14 18:25:05 [restartedMain] WARN  o.s.d.n.c.m.Neo4jPersistentEntity - The entity com.linkedin.peoplegraphservice.entity.WorkExperience is using a Long value for storing internally generated Neo4j ids. The Neo4j internal Long Ids are deprecated, please consider using an external ID generator.
2025-09-14 18:25:05 [restartedMain] WARN  o.s.d.n.c.m.Neo4jPersistentEntity - The entity com.linkedin.peoplegraphservice.entity.SkillRelationship is using a Long value for storing internally generated Neo4j ids. The Neo4j internal Long Ids are deprecated, please consider using an external ID generator.
2025-09-14 18:25:05 [restartedMain] WARN  o.s.d.n.c.m.Neo4jPersistentEntity - The entity com.linkedin.peoplegraphservice.entity.Endorsement is using a Long value for storing internally generated Neo4j ids. The Neo4j internal Long Ids are deprecated, please consider using an external ID generator.
2025-09-14 18:25:06 [restartedMain] WARN  o.s.b.a.s.s.UserDetailsServiceAutoConfiguration - 

Using generated security password: f3760670-1321-4b2c-94b7-608d926e15bf

This generated password is for development use only. Your security configuration must be updated before running your application in production.

2025-09-14 18:25:06 [restartedMain] INFO  o.s.b.a.e.web.EndpointLinksResolver - Exposing 2 endpoint(s) beneath base path '/actuator'
2025-09-14 18:25:06 [restartedMain] INFO  o.s.s.web.DefaultSecurityFilterChain - Will secure any request with [org.springframework.security.web.session.DisableEncodeUrlFilter@6a046657, org.springframework.security.web.context.request.async.WebAsyncManagerIntegrationFilter@492646e, org.springframework.security.web.context.SecurityContextHolderFilter@14791364, org.springframework.security.web.header.HeaderWriterFilter@5843ea52, org.springframework.web.filter.CorsFilter@4bcec603, org.springframework.security.web.authentication.logout.LogoutFilter@7f84dd4, org.springframework.security.web.savedrequest.RequestCacheAwareFilter@6a0d1d74, org.springframework.security.web.servletapi.SecurityContextHolderAwareRequestFilter@7277609d, org.springframework.security.web.authentication.AnonymousAuthenticationFilter@27f5daa6, org.springframework.security.web.session.SessionManagementFilter@54ebbd6b, org.springframework.security.web.access.ExceptionTranslationFilter@174ba801, org.springframework.security.web.access.intercept.AuthorizationFilter@6e40070e]
2025-09-14 18:25:06 [restartedMain] INFO  o.s.b.w.e.tomcat.TomcatWebServer - Tomcat started on port 8081 (http) with context path ''
2025-09-14 18:25:06 [restartedMain] INFO  c.l.p.PeopleGraphServiceApplication - Started PeopleGraphServiceApplication in 1.372 seconds (process running for 1.541)
2025-09-14 18:26:54 [http-nio-8081-exec-1] INFO  o.a.c.c.C.[Tomcat].[localhost].[/] - Initializing Spring DispatcherServlet 'dispatcherServlet'
2025-09-14 18:26:54 [http-nio-8081-exec-1] INFO  o.s.web.servlet.DispatcherServlet - Initializing Servlet 'dispatcherServlet'
2025-09-14 18:26:54 [http-nio-8081-exec-1] INFO  o.s.web.servlet.DispatcherServlet - Completed initialization in 3 ms
2025-09-14 18:29:02 [SpringApplicationShutdownHook] INFO  o.n.driver.internal.InternalDriver - Closing driver instance 453539416
2025-09-14 18:29:04 [restartedMain] INFO  c.l.p.PeopleGraphServiceApplication - Starting PeopleGraphServiceApplication using Java 17.0.16 with PID 4864 (/Users/jair.silva/Documents/IdeaProjects/linkedin/people-graph-service/build/classes/java/main started by jair.silva in /Users/jair.silva/Documents/IdeaProjects/linkedin/people-graph-service)
2025-09-14 18:29:04 [restartedMain] INFO  c.l.p.PeopleGraphServiceApplication - No active profile set, falling back to 1 default profile: "default"
2025-09-14 18:29:04 [restartedMain] INFO  o.s.b.d.e.DevToolsPropertyDefaultsPostProcessor - Devtools property defaults active! Set 'spring.devtools.add-properties' to 'false' to disable
2025-09-14 18:29:04 [restartedMain] INFO  o.s.b.d.e.DevToolsPropertyDefaultsPostProcessor - For additional web related logging consider setting the 'logging.level.web' property to 'DEBUG'
2025-09-14 18:29:04 [restartedMain] DEBUG o.s.d.n.r.config.StartupLogger - Bootstrapping reactive Neo4j repositories based on SDN v7.2.1 with Spring Data Commons v3.2.1 and Neo4j Driver v5.13.0.
2025-09-14 18:29:04 [restartedMain] INFO  o.s.d.r.c.RepositoryConfigurationDelegate - Bootstrapping Spring Data Neo4j repositories in DEFAULT mode.
2025-09-14 18:29:04 [restartedMain] INFO  o.s.d.r.c.RepositoryConfigurationDelegate - Finished Spring Data repository scanning in 43 ms. Found 0 Neo4j repository interfaces.
2025-09-14 18:29:04 [restartedMain] DEBUG o.s.d.n.r.config.StartupLogger - Bootstrapping imperative Neo4j repositories based on SDN v7.2.1 with Spring Data Commons v3.2.1 and Neo4j Driver v5.13.0.
2025-09-14 18:29:04 [restartedMain] INFO  o.s.d.r.c.RepositoryConfigurationDelegate - Bootstrapping Spring Data Neo4j repositories in DEFAULT mode.
2025-09-14 18:29:04 [restartedMain] INFO  o.s.d.r.c.RepositoryConfigurationDelegate - Finished Spring Data repository scanning in 6 ms. Found 3 Neo4j repository interfaces.
2025-09-14 18:29:04 [restartedMain] INFO  o.s.b.w.e.tomcat.TomcatWebServer - Tomcat initialized with port 8081 (http)
2025-09-14 18:29:04 [restartedMain] INFO  o.a.catalina.core.StandardService - Starting service [Tomcat]
2025-09-14 18:29:04 [restartedMain] INFO  o.a.catalina.core.StandardEngine - Starting Servlet engine: [Apache Tomcat/10.1.17]
2025-09-14 18:29:04 [restartedMain] INFO  o.a.c.c.C.[Tomcat].[localhost].[/] - Initializing Spring embedded WebApplicationContext
2025-09-14 18:29:04 [restartedMain] INFO  o.s.b.w.s.c.ServletWebServerApplicationContext - Root WebApplicationContext: initialization completed in 541 ms
2025-09-14 18:29:04 [restartedMain] INFO  o.n.driver.internal.DriverFactory - Direct driver instance 1610644901 created for server address localhost:7687
2025-09-14 18:29:04 [restartedMain] INFO  o.s.b.d.a.OptionalLiveReloadServer - LiveReload server is running on port 35729
2025-09-14 18:29:04 [restartedMain] WARN  o.s.d.n.c.m.Neo4jPersistentEntity - The entity com.linkedin.peoplegraphservice.entity.SkillRelationship is using a Long value for storing internally generated Neo4j ids. The Neo4j internal Long Ids are deprecated, please consider using an external ID generator.
2025-09-14 18:29:04 [restartedMain] WARN  o.s.d.n.c.m.Neo4jPersistentEntity - The entity com.linkedin.peoplegraphservice.entity.WorkExperience is using a Long value for storing internally generated Neo4j ids. The Neo4j internal Long Ids are deprecated, please consider using an external ID generator.
2025-09-14 18:29:04 [restartedMain] WARN  o.s.d.n.c.m.Neo4jPersistentEntity - The entity com.linkedin.peoplegraphservice.entity.Endorsement is using a Long value for storing internally generated Neo4j ids. The Neo4j internal Long Ids are deprecated, please consider using an external ID generator.
2025-09-14 18:29:04 [restartedMain] WARN  o.s.b.a.s.s.UserDetailsServiceAutoConfiguration - 

Using generated security password: 72949fcf-0811-4e75-80fd-e1ebc6db39f7

This generated password is for development use only. Your security configuration must be updated before running your application in production.

2025-09-14 18:29:04 [restartedMain] INFO  o.s.b.a.e.web.EndpointLinksResolver - Exposing 2 endpoint(s) beneath base path '/actuator'
2025-09-14 18:29:05 [restartedMain] INFO  o.s.s.web.DefaultSecurityFilterChain - Will secure any request with [org.springframework.security.web.session.DisableEncodeUrlFilter@139ecc3d, org.springframework.security.web.context.request.async.WebAsyncManagerIntegrationFilter@62e8b00c, org.springframework.security.web.context.SecurityContextHolderFilter@1593907, org.springframework.security.web.header.HeaderWriterFilter@34deaf46, org.springframework.web.filter.CorsFilter@1b251473, org.springframework.security.web.authentication.logout.LogoutFilter@1c6f8c7, org.springframework.security.web.savedrequest.RequestCacheAwareFilter@574cf264, org.springframework.security.web.servletapi.SecurityContextHolderAwareRequestFilter@27955a71, org.springframework.security.web.authentication.AnonymousAuthenticationFilter@732ff62f, org.springframework.security.web.session.SessionManagementFilter@4ffe3f7d, org.springframework.security.web.access.ExceptionTranslationFilter@3b837387, org.springframework.security.web.access.intercept.AuthorizationFilter@8e312b]
2025-09-14 18:29:05 [restartedMain] INFO  o.s.b.w.e.tomcat.TomcatWebServer - Tomcat started on port 8081 (http) with context path ''
2025-09-14 18:29:05 [restartedMain] INFO  c.l.p.PeopleGraphServiceApplication - Started PeopleGraphServiceApplication in 1.137 seconds (process running for 1.437)
2025-09-14 18:31:14 [SpringApplicationShutdownHook] INFO  o.n.driver.internal.InternalDriver - Closing driver instance 1610644901
2025-09-14 18:31:16 [restartedMain] INFO  c.l.p.PeopleGraphServiceApplication - Starting PeopleGraphServiceApplication using Java 17.0.16 with PID 6730 (/Users/jair.silva/Documents/IdeaProjects/linkedin/people-graph-service/build/classes/java/main started by jair.silva in /Users/jair.silva/Documents/IdeaProjects/linkedin/people-graph-service)
2025-09-14 18:31:16 [restartedMain] INFO  c.l.p.PeopleGraphServiceApplication - No active profile set, falling back to 1 default profile: "default"
2025-09-14 18:31:16 [restartedMain] INFO  o.s.b.d.e.DevToolsPropertyDefaultsPostProcessor - Devtools property defaults active! Set 'spring.devtools.add-properties' to 'false' to disable
2025-09-14 18:31:16 [restartedMain] INFO  o.s.b.d.e.DevToolsPropertyDefaultsPostProcessor - For additional web related logging consider setting the 'logging.level.web' property to 'DEBUG'
2025-09-14 18:31:17 [restartedMain] DEBUG o.s.d.n.r.config.StartupLogger - Bootstrapping reactive Neo4j repositories based on SDN v7.2.1 with Spring Data Commons v3.2.1 and Neo4j Driver v5.13.0.
2025-09-14 18:31:17 [restartedMain] INFO  o.s.d.r.c.RepositoryConfigurationDelegate - Bootstrapping Spring Data Neo4j repositories in DEFAULT mode.
2025-09-14 18:31:17 [restartedMain] INFO  o.s.d.r.c.RepositoryConfigurationDelegate - Finished Spring Data repository scanning in 66 ms. Found 0 Neo4j repository interfaces.
2025-09-14 18:31:17 [restartedMain] DEBUG o.s.d.n.r.config.StartupLogger - Bootstrapping imperative Neo4j repositories based on SDN v7.2.1 with Spring Data Commons v3.2.1 and Neo4j Driver v5.13.0.
2025-09-14 18:31:17 [restartedMain] INFO  o.s.d.r.c.RepositoryConfigurationDelegate - Bootstrapping Spring Data Neo4j repositories in DEFAULT mode.
2025-09-14 18:31:17 [restartedMain] INFO  o.s.d.r.c.RepositoryConfigurationDelegate - Finished Spring Data repository scanning in 11 ms. Found 3 Neo4j repository interfaces.
2025-09-14 18:31:17 [restartedMain] INFO  o.s.b.w.e.tomcat.TomcatWebServer - Tomcat initialized with port 8081 (http)
2025-09-14 18:31:17 [restartedMain] INFO  o.a.catalina.core.StandardService - Starting service [Tomcat]
2025-09-14 18:31:17 [restartedMain] INFO  o.a.catalina.core.StandardEngine - Starting Servlet engine: [Apache Tomcat/10.1.17]
2025-09-14 18:31:17 [restartedMain] INFO  o.a.c.c.C.[Tomcat].[localhost].[/] - Initializing Spring embedded WebApplicationContext
2025-09-14 18:31:17 [restartedMain] INFO  o.s.b.w.s.c.ServletWebServerApplicationContext - Root WebApplicationContext: initialization completed in 964 ms
2025-09-14 18:31:17 [restartedMain] INFO  o.n.driver.internal.DriverFactory - Direct driver instance 1299532106 created for server address localhost:7687
2025-09-14 18:31:17 [restartedMain] INFO  o.s.b.d.a.OptionalLiveReloadServer - LiveReload server is running on port 35729
2025-09-14 18:31:17 [restartedMain] WARN  o.s.d.n.c.m.Neo4jPersistentEntity - The entity com.linkedin.peoplegraphservice.entity.WorkExperience is using a Long value for storing internally generated Neo4j ids. The Neo4j internal Long Ids are deprecated, please consider using an external ID generator.
2025-09-14 18:31:17 [restartedMain] WARN  o.s.d.n.c.m.Neo4jPersistentEntity - The entity com.linkedin.peoplegraphservice.entity.SkillRelationship is using a Long value for storing internally generated Neo4j ids. The Neo4j internal Long Ids are deprecated, please consider using an external ID generator.
2025-09-14 18:31:17 [restartedMain] WARN  o.s.d.n.c.m.Neo4jPersistentEntity - The entity com.linkedin.peoplegraphservice.entity.Endorsement is using a Long value for storing internally generated Neo4j ids. The Neo4j internal Long Ids are deprecated, please consider using an external ID generator.
2025-09-14 18:31:17 [restartedMain] WARN  o.s.b.a.s.s.UserDetailsServiceAutoConfiguration - 

Using generated security password: fe8565c4-46e2-4f56-b247-e7973b41b43a

This generated password is for development use only. Your security configuration must be updated before running your application in production.

2025-09-14 18:31:17 [restartedMain] INFO  o.s.b.a.e.web.EndpointLinksResolver - Exposing 2 endpoint(s) beneath base path '/actuator'
2025-09-14 18:31:17 [restartedMain] INFO  o.s.s.web.DefaultSecurityFilterChain - Will secure any request with [org.springframework.security.web.session.DisableEncodeUrlFilter@7b7a3b39, org.springframework.security.web.context.request.async.WebAsyncManagerIntegrationFilter@67ea468c, org.springframework.security.web.context.SecurityContextHolderFilter@66da467b, org.springframework.security.web.header.HeaderWriterFilter@23def534, org.springframework.web.filter.CorsFilter@52da4f48, org.springframework.security.web.authentication.logout.LogoutFilter@465651e8, org.springframework.security.web.savedrequest.RequestCacheAwareFilter@5ca3245a, org.springframework.security.web.servletapi.SecurityContextHolderAwareRequestFilter@407ac7a9, org.springframework.security.web.authentication.AnonymousAuthenticationFilter@49c8d54, org.springframework.security.web.session.SessionManagementFilter@7a4cff1c, org.springframework.security.web.access.ExceptionTranslationFilter@26c3edee, org.springframework.security.web.access.intercept.AuthorizationFilter@727dde24]
2025-09-14 18:31:18 [restartedMain] INFO  o.s.b.w.e.tomcat.TomcatWebServer - Tomcat started on port 8081 (http) with context path ''
2025-09-14 18:31:18 [restartedMain] INFO  c.l.p.PeopleGraphServiceApplication - Started PeopleGraphServiceApplication in 1.723 seconds (process running for 1.906)
